C:\Program Files\Microsoft Visual Studio\2022\Community\MSBuild\Microsoft\VC\v170\Microsoft.CppBuild.targets(531,5): warning MSB8028: The intermediate directory (x64\Debug\) contains files shared from another project (LAB2_MUSTAFA.vcxproj).  This can lead to incorrect clean and rebuild behavior.
          1 file(s) copied.
          1 file(s) copied.
  GameController.cpp
  Level.cpp
C:\Users\musta\Desktop\College\Semester 6\Game Engineering\LAB2_MUSTAFA\LAB2_MUSTAFA\Level.cpp(116,98): warning C4244: 'argument': conversion from 'float' to 'unsigned int', possible loss of data
C:\Users\musta\Desktop\College\Semester 6\Game Engineering\LAB2_MUSTAFA\LAB2_MUSTAFA\Level.cpp(116,52): warning C4244: 'argument': conversion from '_Ty' to 'unsigned int', possible loss of data
C:\Users\musta\Desktop\College\Semester 6\Game Engineering\LAB2_MUSTAFA\LAB2_MUSTAFA\Level.cpp(116,52): warning C4244:         with
C:\Users\musta\Desktop\College\Semester 6\Game Engineering\LAB2_MUSTAFA\LAB2_MUSTAFA\Level.cpp(116,52): warning C4244:         [
C:\Users\musta\Desktop\College\Semester 6\Game Engineering\LAB2_MUSTAFA\LAB2_MUSTAFA\Level.cpp(116,52): warning C4244:             _Ty=float
C:\Users\musta\Desktop\College\Semester 6\Game Engineering\LAB2_MUSTAFA\LAB2_MUSTAFA\Level.cpp(116,52): warning C4244:         ]
C:\Users\musta\Desktop\College\Semester 6\Game Engineering\LAB2_MUSTAFA\LAB2_MUSTAFA\Level.cpp(116,37): warning C4244: 'argument': conversion from '_Ty' to 'unsigned int', possible loss of data
C:\Users\musta\Desktop\College\Semester 6\Game Engineering\LAB2_MUSTAFA\LAB2_MUSTAFA\Level.cpp(116,37): warning C4244:         with
C:\Users\musta\Desktop\College\Semester 6\Game Engineering\LAB2_MUSTAFA\LAB2_MUSTAFA\Level.cpp(116,37): warning C4244:         [
C:\Users\musta\Desktop\College\Semester 6\Game Engineering\LAB2_MUSTAFA\LAB2_MUSTAFA\Level.cpp(116,37): warning C4244:             _Ty=float
C:\Users\musta\Desktop\College\Semester 6\Game Engineering\LAB2_MUSTAFA\LAB2_MUSTAFA\Level.cpp(116,37): warning C4244:         ]
C:\Users\musta\Desktop\College\Semester 6\Game Engineering\LAB2_MUSTAFA\LAB2_MUSTAFA\Level.cpp(161,106): warning C4244: 'argument': conversion from 'float' to 'unsigned int', possible loss of data
C:\Users\musta\Desktop\College\Semester 6\Game Engineering\LAB2_MUSTAFA\LAB2_MUSTAFA\Level.cpp(161,60): warning C4244: 'argument': conversion from '_Ty' to 'unsigned int', possible loss of data
C:\Users\musta\Desktop\College\Semester 6\Game Engineering\LAB2_MUSTAFA\LAB2_MUSTAFA\Level.cpp(161,60): warning C4244:         with
C:\Users\musta\Desktop\College\Semester 6\Game Engineering\LAB2_MUSTAFA\LAB2_MUSTAFA\Level.cpp(161,60): warning C4244:         [
C:\Users\musta\Desktop\College\Semester 6\Game Engineering\LAB2_MUSTAFA\LAB2_MUSTAFA\Level.cpp(161,60): warning C4244:             _Ty=float
C:\Users\musta\Desktop\College\Semester 6\Game Engineering\LAB2_MUSTAFA\LAB2_MUSTAFA\Level.cpp(161,60): warning C4244:         ]
C:\Users\musta\Desktop\College\Semester 6\Game Engineering\LAB2_MUSTAFA\LAB2_MUSTAFA\Level.cpp(161,45): warning C4244: 'argument': conversion from '_Ty' to 'unsigned int', possible loss of data
C:\Users\musta\Desktop\College\Semester 6\Game Engineering\LAB2_MUSTAFA\LAB2_MUSTAFA\Level.cpp(161,45): warning C4244:         with
C:\Users\musta\Desktop\College\Semester 6\Game Engineering\LAB2_MUSTAFA\LAB2_MUSTAFA\Level.cpp(161,45): warning C4244:         [
C:\Users\musta\Desktop\College\Semester 6\Game Engineering\LAB2_MUSTAFA\LAB2_MUSTAFA\Level.cpp(161,45): warning C4244:             _Ty=float
C:\Users\musta\Desktop\College\Semester 6\Game Engineering\LAB2_MUSTAFA\LAB2_MUSTAFA\Level.cpp(161,45): warning C4244:         ]
C:\Users\musta\Desktop\College\Semester 6\Game Engineering\LAB2_MUSTAFA\LAB2_MUSTAFA\Level.cpp(172,110): warning C4244: 'argument': conversion from 'float' to 'unsigned int', possible loss of data
C:\Users\musta\Desktop\College\Semester 6\Game Engineering\LAB2_MUSTAFA\LAB2_MUSTAFA\Level.cpp(172,64): warning C4244: 'argument': conversion from '_Ty' to 'unsigned int', possible loss of data
C:\Users\musta\Desktop\College\Semester 6\Game Engineering\LAB2_MUSTAFA\LAB2_MUSTAFA\Level.cpp(172,64): warning C4244:         with
C:\Users\musta\Desktop\College\Semester 6\Game Engineering\LAB2_MUSTAFA\LAB2_MUSTAFA\Level.cpp(172,64): warning C4244:         [
C:\Users\musta\Desktop\College\Semester 6\Game Engineering\LAB2_MUSTAFA\LAB2_MUSTAFA\Level.cpp(172,64): warning C4244:             _Ty=float
C:\Users\musta\Desktop\College\Semester 6\Game Engineering\LAB2_MUSTAFA\LAB2_MUSTAFA\Level.cpp(172,64): warning C4244:         ]
C:\Users\musta\Desktop\College\Semester 6\Game Engineering\LAB2_MUSTAFA\LAB2_MUSTAFA\Level.cpp(172,49): warning C4244: 'argument': conversion from '_Ty' to 'unsigned int', possible loss of data
C:\Users\musta\Desktop\College\Semester 6\Game Engineering\LAB2_MUSTAFA\LAB2_MUSTAFA\Level.cpp(172,49): warning C4244:         with
C:\Users\musta\Desktop\College\Semester 6\Game Engineering\LAB2_MUSTAFA\LAB2_MUSTAFA\Level.cpp(172,49): warning C4244:         [
C:\Users\musta\Desktop\College\Semester 6\Game Engineering\LAB2_MUSTAFA\LAB2_MUSTAFA\Level.cpp(172,49): warning C4244:             _Ty=float
C:\Users\musta\Desktop\College\Semester 6\Game Engineering\LAB2_MUSTAFA\LAB2_MUSTAFA\Level.cpp(172,49): warning C4244:         ]
C:\Users\musta\Desktop\College\Semester 6\Game Engineering\LAB2_MUSTAFA\LAB2_MUSTAFA\Level.cpp(185,94): warning C4244: 'argument': conversion from '_Ty' to 'unsigned int', possible loss of data
C:\Users\musta\Desktop\College\Semester 6\Game Engineering\LAB2_MUSTAFA\LAB2_MUSTAFA\Level.cpp(185,94): warning C4244:         with
C:\Users\musta\Desktop\College\Semester 6\Game Engineering\LAB2_MUSTAFA\LAB2_MUSTAFA\Level.cpp(185,94): warning C4244:         [
C:\Users\musta\Desktop\College\Semester 6\Game Engineering\LAB2_MUSTAFA\LAB2_MUSTAFA\Level.cpp(185,94): warning C4244:             _Ty=float
C:\Users\musta\Desktop\College\Semester 6\Game Engineering\LAB2_MUSTAFA\LAB2_MUSTAFA\Level.cpp(185,94): warning C4244:         ]
C:\Users\musta\Desktop\College\Semester 6\Game Engineering\LAB2_MUSTAFA\LAB2_MUSTAFA\Level.cpp(185,54): warning C4244: 'argument': conversion from '_Ty' to 'unsigned int', possible loss of data
C:\Users\musta\Desktop\College\Semester 6\Game Engineering\LAB2_MUSTAFA\LAB2_MUSTAFA\Level.cpp(185,54): warning C4244:         with
C:\Users\musta\Desktop\College\Semester 6\Game Engineering\LAB2_MUSTAFA\LAB2_MUSTAFA\Level.cpp(185,54): warning C4244:         [
C:\Users\musta\Desktop\College\Semester 6\Game Engineering\LAB2_MUSTAFA\LAB2_MUSTAFA\Level.cpp(185,54): warning C4244:             _Ty=float
C:\Users\musta\Desktop\College\Semester 6\Game Engineering\LAB2_MUSTAFA\LAB2_MUSTAFA\Level.cpp(185,54): warning C4244:         ]
C:\Users\musta\Desktop\College\Semester 6\Game Engineering\LAB2_MUSTAFA\LAB2_MUSTAFA\Level.cpp(209,75): warning C4244: 'argument': conversion from 'int' to 'float', possible loss of data
C:\Users\musta\Desktop\College\Semester 6\Game Engineering\LAB2_MUSTAFA\LAB2_MUSTAFA\Level.cpp(209,38): warning C4244: 'argument': conversion from 'int' to 'float', possible loss of data
C:\Users\musta\Desktop\College\Semester 6\Game Engineering\LAB2_MUSTAFA\LAB2_MUSTAFA\Level.cpp(208,121): warning C4244: 'argument': conversion from 'int' to 'float', possible loss of data
C:\Users\musta\Desktop\College\Semester 6\Game Engineering\LAB2_MUSTAFA\LAB2_MUSTAFA\Level.cpp(208,71): warning C4244: 'argument': conversion from 'int' to 'float', possible loss of data
  Generating Code...
  LAB2_MUSTAFA.vcxproj -> C:\Users\musta\Desktop\College\Semester 6\Game Engineering\LAB2_MUSTAFA\x64\Debug\SDLLevels.exe
