c:\users\musta\desktop\college\semester 6\game engineering\lab2_mustafa\lab2_mustafa\x64\debug\vc143.pdb
c:\users\musta\desktop\college\semester 6\game engineering\lab2_mustafa\lab2_mustafa\x64\debug\vc143.idb
c:\users\musta\desktop\college\semester 6\game engineering\lab2_mustafa\lab2_mustafa\x64\debug\unit.obj
c:\users\musta\desktop\college\semester 6\game engineering\lab2_mustafa\lab2_mustafa\x64\debug\ttfont.obj
c:\users\musta\desktop\college\semester 6\game engineering\lab2_mustafa\lab2_mustafa\x64\debug\timing.obj
c:\users\musta\desktop\college\semester 6\game engineering\lab2_mustafa\lab2_mustafa\x64\debug\tgareader.obj
c:\users\musta\desktop\college\semester 6\game engineering\lab2_mustafa\lab2_mustafa\x64\debug\texture.obj
c:\users\musta\desktop\college\semester 6\game engineering\lab2_mustafa\lab2_mustafa\x64\debug\stackallocator.obj
c:\users\musta\desktop\college\semester 6\game engineering\lab2_mustafa\lab2_mustafa\x64\debug\spritesheet.obj
c:\users\musta\desktop\college\semester 6\game engineering\lab2_mustafa\lab2_mustafa\x64\debug\spriteanim.obj
c:\users\musta\desktop\college\semester 6\game engineering\lab2_mustafa\lab2_mustafa\x64\debug\soundeffects.obj
c:\users\musta\desktop\college\semester 6\game engineering\lab2_mustafa\lab2_mustafa\x64\debug\resource.obj
c:\users\musta\desktop\college\semester 6\game engineering\lab2_mustafa\lab2_mustafa\x64\debug\renderer.obj
c:\users\musta\desktop\college\semester 6\game engineering\lab2_mustafa\lab2_mustafa\x64\debug\main.obj
c:\users\musta\desktop\college\semester 6\game engineering\lab2_mustafa\lab2_mustafa\x64\debug\level.obj
c:\users\musta\desktop\college\semester 6\game engineering\lab2_mustafa\lab2_mustafa\x64\debug\gamecontroller.obj
c:\users\musta\desktop\college\semester 6\game engineering\lab2_mustafa\lab2_mustafa\x64\debug\filecontroller.obj
c:\users\musta\desktop\college\semester 6\game engineering\lab2_mustafa\lab2_mustafa\x64\debug\assetcontroller.obj
c:\users\musta\desktop\college\semester 6\game engineering\lab2_mustafa\lab2_mustafa\x64\debug\asset.obj
c:\users\musta\desktop\college\semester 6\game engineering\lab2_mustafa\x64\debug\lab2_mustafa.exe
c:\users\musta\desktop\college\semester 6\game engineering\lab2_mustafa\x64\debug\lab2_mustafa.pdb
c:\users\musta\desktop\college\semester 6\game engineering\lab2_mustafa\lab2_mustafa\x64\debug\lab2_mustafa.ilk
c:\users\musta\desktop\college\semester 6\game engineering\lab2_mustafa\lab2_mustafa\x64\debug\lab2_mustafa.tlog\cl.command.1.tlog
c:\users\musta\desktop\college\semester 6\game engineering\lab2_mustafa\lab2_mustafa\x64\debug\lab2_mustafa.tlog\cl.items.tlog
c:\users\musta\desktop\college\semester 6\game engineering\lab2_mustafa\lab2_mustafa\x64\debug\lab2_mustafa.tlog\cl.read.1.tlog
c:\users\musta\desktop\college\semester 6\game engineering\lab2_mustafa\lab2_mustafa\x64\debug\lab2_mustafa.tlog\cl.write.1.tlog
c:\users\musta\desktop\college\semester 6\game engineering\lab2_mustafa\lab2_mustafa\x64\debug\lab2_mustafa.tlog\link.command.1.tlog
c:\users\musta\desktop\college\semester 6\game engineering\lab2_mustafa\lab2_mustafa\x64\debug\lab2_mustafa.tlog\link.read.1.tlog
c:\users\musta\desktop\college\semester 6\game engineering\lab2_mustafa\lab2_mustafa\x64\debug\lab2_mustafa.tlog\link.secondary.1.tlog
c:\users\musta\desktop\college\semester 6\game engineering\lab2_mustafa\lab2_mustafa\x64\debug\lab2_mustafa.tlog\link.write.1.tlog
